This is pdfTeX, Version 3.14159265-2.6-1.40.19 (TeX Live 2018) (preloaded format=pdflatex 2018.4.16)  7 FEB 2020 09:13
entering extended mode
 restricted \write18 enabled.
 file:line:error style messages enabled.
 %&-line parsing enabled.
**thesis.tex
(./thesis.tex
LaTeX2e <2018-04-01> patch level 2
Babel <3.18> and hyphenation patterns for 84 language(s) loaded.

LaTeX Warning: You have requested package `',
               but the package provides `pom_thesis'.

Package: pom_thesis 1/16/15
(./pom_thesis.cls
Document Class: pom_thesis 1/16/15
(/usr/local/texlive/2018/texmf-dist/tex/latex/graphics/graphicx.sty
Package: graphicx 2017/06/01 v1.1a Enhanced LaTeX Graphics (DPC,SPQR)

(/usr/local/texlive/2018/texmf-dist/tex/latex/graphics/keyval.sty
Package: keyval 2014/10/28 v1.15 key=value parser (DPC)
\KV@toks@=\toks14
)
(/usr/local/texlive/2018/texmf-dist/tex/latex/graphics/graphics.sty
Package: graphics 2017/06/25 v1.2c Standard LaTeX Graphics (DPC,SPQR)

(/usr/local/texlive/2018/texmf-dist/tex/latex/graphics/trig.sty
Package: trig 2016/01/03 v1.10 sin cos tan (DPC)
)
(/usr/local/texlive/2018/texmf-dist/tex/latex/graphics-cfg/graphics.cfg
File: graphics.cfg 2016/06/04 v1.11 sample graphics configuration
)
Package graphics Info: Driver file: pdftex.def on input line 99.

(/usr/local/texlive/2018/texmf-dist/tex/latex/graphics-def/pdftex.def
File: pdftex.def 2018/01/08 v1.0l Graphics/color driver for pdftex
))
\Gin@req@height=\dimen102
\Gin@req@width=\dimen103
)
(/usr/local/texlive/2018/texmf-dist/tex/latex/amsmath/amsmath.sty
Package: amsmath 2017/09/02 v2.17a AMS math features
\@mathmargin=\skip41

For additional information on amsmath, use the `?' option.
(/usr/local/texlive/2018/texmf-dist/tex/latex/amsmath/amstext.sty
Package: amstext 2000/06/29 v2.01 AMS text

(/usr/local/texlive/2018/texmf-dist/tex/latex/amsmath/amsgen.sty
File: amsgen.sty 1999/11/30 v2.0 generic functions
\@emptytoks=\toks15
\ex@=\dimen104
))
(/usr/local/texlive/2018/texmf-dist/tex/latex/amsmath/amsbsy.sty
Package: amsbsy 1999/11/29 v1.2d Bold Symbols
\pmbraise@=\dimen105
)
(/usr/local/texlive/2018/texmf-dist/tex/latex/amsmath/amsopn.sty
Package: amsopn 2016/03/08 v2.02 operator names
)
\inf@bad=\count80
LaTeX Info: Redefining \frac on input line 213.
\uproot@=\count81
\leftroot@=\count82
LaTeX Info: Redefining \overline on input line 375.
\classnum@=\count83
\DOTSCASE@=\count84
LaTeX Info: Redefining \ldots on input line 472.
LaTeX Info: Redefining \dots on input line 475.
LaTeX Info: Redefining \cdots on input line 596.
\Mathstrutbox@=\box26
\strutbox@=\box27
\big@size=\dimen106
LaTeX Font Info:    Redeclaring font encoding OML on input line 712.
LaTeX Font Info:    Redeclaring font encoding OMS on input line 713.
\macc@depth=\count85
\c@MaxMatrixCols=\count86
\dotsspace@=\muskip10
\c@parentequation=\count87
\dspbrk@lvl=\count88
\tag@help=\toks16
\row@=\count89
\column@=\count90
\maxfields@=\count91
\andhelp@=\toks17
\eqnshift@=\dimen107
\alignsep@=\dimen108
\tagshift@=\dimen109
\tagwidth@=\dimen110
\totwidth@=\dimen111
\lineht@=\dimen112
\@envbody=\toks18
\multlinegap=\skip42
\multlinetaggap=\skip43
\mathdisplay@stack=\toks19
LaTeX Info: Redefining \[ on input line 2817.
LaTeX Info: Redefining \] on input line 2818.
)
(/usr/local/texlive/2018/texmf-dist/tex/latex/amsfonts/amssymb.sty
Package: amssymb 2013/01/14 v3.01 AMS font symbols

(/usr/local/texlive/2018/texmf-dist/tex/latex/amsfonts/amsfonts.sty
Package: amsfonts 2013/01/14 v3.01 Basic AMSFonts support
\symAMSa=\mathgroup4
\symAMSb=\mathgroup5
LaTeX Font Info:    Overwriting math alphabet `\mathfrak' in version `bold'
(Font)                  U/euf/m/n --> U/euf/b/n on input line 106.
))
(/usr/local/texlive/2018/texmf-dist/tex/latex/graphics/color.sty
Package: color 2016/07/10 v1.1e Standard LaTeX Color (DPC)

(/usr/local/texlive/2018/texmf-dist/tex/latex/graphics-cfg/color.cfg
File: color.cfg 2016/01/02 v1.6 sample color configuration
)
Package color Info: Driver file: pdftex.def on input line 147.
)
(/usr/local/texlive/2018/texmf-dist/tex/latex/preprint/fullpage.sty
Package: fullpage 1999/02/23 1.1 (PWD)
\FP@margin=\skip44
)
(/usr/local/texlive/2018/texmf-dist/tex/latex/hyperref/hyperref.sty
Package: hyperref 2018/02/06 v6.86b Hypertext links for LaTeX

(/usr/local/texlive/2018/texmf-dist/tex/generic/oberdiek/hobsub-hyperref.sty
Package: hobsub-hyperref 2016/05/16 v1.14 Bundle oberdiek, subset hyperref (HO)


(/usr/local/texlive/2018/texmf-dist/tex/generic/oberdiek/hobsub-generic.sty
Package: hobsub-generic 2016/05/16 v1.14 Bundle oberdiek, subset generic (HO)
Package: hobsub 2016/05/16 v1.14 Construct package bundles (HO)
Package: infwarerr 2016/05/16 v1.4 Providing info/warning/error messages (HO)
Package: ltxcmds 2016/05/16 v1.23 LaTeX kernel commands for general use (HO)
Package: ifluatex 2016/05/16 v1.4 Provides the ifluatex switch (HO)
Package ifluatex Info: LuaTeX not detected.
Package: ifvtex 2016/05/16 v1.6 Detect VTeX and its facilities (HO)
Package ifvtex Info: VTeX not detected.
Package: intcalc 2016/05/16 v1.2 Expandable calculations with integers (HO)
Package: ifpdf 2017/03/15 v3.2 Provides the ifpdf switch
Package: etexcmds 2016/05/16 v1.6 Avoid name clashes with e-TeX commands (HO)
Package etexcmds Info: Could not find \expanded.
(etexcmds)             That can mean that you are not using pdfTeX 1.50 or
(etexcmds)             that some package has redefined \expanded.
(etexcmds)             In the latter case, load this package earlier.
Package: kvsetkeys 2016/05/16 v1.17 Key value parser (HO)
Package: kvdefinekeys 2016/05/16 v1.4 Define keys (HO)
Package: pdftexcmds 2018/01/30 v0.27 Utility functions of pdfTeX for LuaTeX (HO
)
Package pdftexcmds Info: LuaTeX not detected.
Package pdftexcmds Info: \pdf@primitive is available.
Package pdftexcmds Info: \pdf@ifprimitive is available.
Package pdftexcmds Info: \pdfdraftmode found.
Package: pdfescape 2016/05/16 v1.14 Implements pdfTeX's escape features (HO)
Package: bigintcalc 2016/05/16 v1.4 Expandable calculations on big integers (HO
)
Package: bitset 2016/05/16 v1.2 Handle bit-vector datatype (HO)
Package: uniquecounter 2016/05/16 v1.3 Provide unlimited unique counter (HO)
)
Package hobsub Info: Skipping package `hobsub' (already loaded).
Package: letltxmacro 2016/05/16 v1.5 Let assignment for LaTeX macros (HO)
Package: hopatch 2016/05/16 v1.3 Wrapper for package hooks (HO)
Package: xcolor-patch 2016/05/16 xcolor patch
Package: atveryend 2016/05/16 v1.9 Hooks at the very end of document (HO)
Package atveryend Info: \enddocument detected (standard20110627).
Package: atbegshi 2016/06/09 v1.18 At begin shipout hook (HO)
Package: refcount 2016/05/16 v3.5 Data extraction from label references (HO)
Package: hycolor 2016/05/16 v1.8 Color options for hyperref/bookmark (HO)
)
(/usr/local/texlive/2018/texmf-dist/tex/generic/ifxetex/ifxetex.sty
Package: ifxetex 2010/09/12 v0.6 Provides ifxetex conditional
)
(/usr/local/texlive/2018/texmf-dist/tex/latex/oberdiek/auxhook.sty
Package: auxhook 2016/05/16 v1.4 Hooks for auxiliary files (HO)
)
(/usr/local/texlive/2018/texmf-dist/tex/latex/oberdiek/kvoptions.sty
Package: kvoptions 2016/05/16 v3.12 Key value format for package options (HO)
)
\@linkdim=\dimen113
\Hy@linkcounter=\count92
\Hy@pagecounter=\count93

(/usr/local/texlive/2018/texmf-dist/tex/latex/hyperref/pd1enc.def
File: pd1enc.def 2018/02/06 v6.86b Hyperref: PDFDocEncoding definition (HO)
Now handling font encoding PD1 ...
... no UTF-8 mapping file for font encoding PD1
)
\Hy@SavedSpaceFactor=\count94

(/usr/local/texlive/2018/texmf-dist/tex/latex/latexconfig/hyperref.cfg
File: hyperref.cfg 2002/06/06 v1.2 hyperref configuration of TeXLive
)
Package hyperref Info: Hyper figures OFF on input line 4509.
Package hyperref Info: Link nesting OFF on input line 4514.
Package hyperref Info: Hyper index ON on input line 4517.
Package hyperref Info: Plain pages OFF on input line 4524.
Package hyperref Info: Backreferencing OFF on input line 4529.
Package hyperref Info: Implicit mode ON; LaTeX internals redefined.
Package hyperref Info: Bookmarks ON on input line 4762.
\c@Hy@tempcnt=\count95

(/usr/local/texlive/2018/texmf-dist/tex/latex/url/url.sty
\Urlmuskip=\muskip11
Package: url 2013/09/16  ver 3.4  Verb mode for urls, etc.
)
LaTeX Info: Redefining \url on input line 5115.
\XeTeXLinkMargin=\dimen114
\Fld@menulength=\count96
\Field@Width=\dimen115
\Fld@charsize=\dimen116
Package hyperref Info: Hyper figures OFF on input line 6369.
Package hyperref Info: Link nesting OFF on input line 6374.
Package hyperref Info: Hyper index ON on input line 6377.
Package hyperref Info: backreferencing OFF on input line 6384.
Package hyperref Info: Link coloring OFF on input line 6389.
Package hyperref Info: Link coloring with OCG OFF on input line 6394.
Package hyperref Info: PDF/A mode OFF on input line 6399.
LaTeX Info: Redefining \ref on input line 6439.
LaTeX Info: Redefining \pageref on input line 6443.


Package hyperref Warning: Option `pdfpagelabels' is turned off
(hyperref)                because \thepage is undefined.

\c@Item=\count97
\c@Hfootnote=\count98
)
Package hyperref Info: Driver (autodetected): hpdftex.
 (/usr/local/texlive/2018/texmf-dist/tex/latex/hyperref/hpdftex.def
File: hpdftex.def 2018/02/06 v6.86b Hyperref driver for pdfTeX
\Fld@listcount=\count99
\c@bookmark@seq@number=\count100

(/usr/local/texlive/2018/texmf-dist/tex/latex/oberdiek/rerunfilecheck.sty
Package: rerunfilecheck 2016/05/16 v1.8 Rerun checks for auxiliary files (HO)
Package uniquecounter Info: New unique counter `rerunfilecheck' on input line 2
82.
)
\Hy@SectionHShift=\skip45
)
(/usr/local/texlive/2018/texmf-dist/tex/latex/tools/theorem.sty
Package: theorem 2014/10/28 v2.2c Theorem extension package (FMi)
\theorem@style=\toks20
\theorem@bodyfont=\toks21
\theorempreskipamount=\skip46
\theorempostskipamount=\skip47

(/usr/local/texlive/2018/texmf-dist/tex/latex/tools/thp.sty
File: thp.sty 2014/10/28 v2.2c Theorem extension package (FMi)
))
(/usr/local/texlive/2018/texmf-dist/tex/latex/base/report.cls
Document Class: report 2014/09/29 v1.4h Standard LaTeX document class
(/usr/local/texlive/2018/texmf-dist/tex/latex/base/size10.clo
File: size10.clo 2014/09/29 v1.4h Standard LaTeX file (size option)
)
\c@part=\count101
\c@chapter=\count102
\c@section=\count103
\c@subsection=\count104
\c@subsubsection=\count105
\c@paragraph=\count106
\c@subparagraph=\count107
\c@figure=\count108
\c@table=\count109
\abovecaptionskip=\skip48
\belowcaptionskip=\skip49
\bibindent=\dimen117
)
\c@thm=\count110
)
(/usr/local/texlive/2018/texmf-dist/tex/latex/base/inputenc.sty
Package: inputenc 2018/04/06 v1.3b Input encoding file
\inpenc@prehook=\toks22
\inpenc@posthook=\toks23
)
(/usr/local/texlive/2018/texmf-dist/tex/latex/xcolor/xcolor.sty
Package: xcolor 2016/05/11 v2.12 LaTeX color extensions (UK)

(/usr/local/texlive/2018/texmf-dist/tex/latex/graphics-cfg/color.cfg
File: color.cfg 2016/01/02 v1.6 sample color configuration
)
Package xcolor Info: Driver file: pdftex.def on input line 225.
LaTeX Info: Redefining \color on input line 709.
Package xcolor Info: Model `cmy' substituted by `cmy0' on input line 1348.
Package xcolor Info: Model `hsb' substituted by `rgb' on input line 1352.
Package xcolor Info: Model `RGB' extended on input line 1364.
Package xcolor Info: Model `HTML' substituted by `rgb' on input line 1366.
Package xcolor Info: Model `Hsb' substituted by `hsb' on input line 1367.
Package xcolor Info: Model `tHsb' substituted by `hsb' on input line 1368.
Package xcolor Info: Model `HSB' substituted by `hsb' on input line 1369.
Package xcolor Info: Model `Gray' substituted by `gray' on input line 1370.
Package xcolor Info: Model `wave' substituted by `hsb' on input line 1371.
)
(/usr/local/texlive/2018/texmf-dist/tex/latex/mathtools/mathtools.sty
Package: mathtools 2018/01/08 v1.21 mathematical typesetting tools

(/usr/local/texlive/2018/texmf-dist/tex/latex/tools/calc.sty
Package: calc 2017/05/25 v4.3 Infix arithmetic (KKT,FJ)
\calc@Acount=\count111
\calc@Bcount=\count112
\calc@Adimen=\dimen118
\calc@Bdimen=\dimen119
\calc@Askip=\skip50
\calc@Bskip=\skip51
LaTeX Info: Redefining \setlength on input line 80.
LaTeX Info: Redefining \addtolength on input line 81.
\calc@Ccount=\count113
\calc@Cskip=\skip52
)
(/usr/local/texlive/2018/texmf-dist/tex/latex/mathtools/mhsetup.sty
Package: mhsetup 2017/03/31 v1.3 programming setup (MH)
)
LaTeX Info: Thecontrolsequence`\('isalreadyrobust on input line 129.
LaTeX Info: Thecontrolsequence`\)'isalreadyrobust on input line 129.
LaTeX Info: Thecontrolsequence`\['isalreadyrobust on input line 129.
LaTeX Info: Thecontrolsequence`\]'isalreadyrobust on input line 129.
\g_MT_multlinerow_int=\count114
\l_MT_multwidth_dim=\dimen120
\origjot=\skip53
\l_MT_shortvdotswithinadjustabove_dim=\dimen121
\l_MT_shortvdotswithinadjustbelow_dim=\dimen122
\l_MT_above_intertext_sep=\dimen123
\l_MT_below_intertext_sep=\dimen124
\l_MT_above_shortintertext_sep=\dimen125
\l_MT_below_shortintertext_sep=\dimen126
)
(/usr/local/texlive/2018/texmf-dist/tex/generic/babel/babel.sty
Package: babel 2018/02/14 3.18 The Babel package

(/usr/local/texlive/2018/texmf-dist/tex/generic/babel/switch.def
File: switch.def 2018/02/14 3.18 Babel switching mechanism
)
(/usr/local/texlive/2018/texmf-dist/tex/generic/babel-english/english.ldf
Language: english 2017/06/06 v3.3r English support from the babel system

(/usr/local/texlive/2018/texmf-dist/tex/generic/babel/babel.def
File: babel.def 2018/02/14 3.18 Babel common definitions
\babel@savecnt=\count115
\U@D=\dimen127

(/usr/local/texlive/2018/texmf-dist/tex/generic/babel/txtbabel.def)
\bbl@dirlevel=\count116
)
\l@canadian = a dialect from \language\l@american 
\l@australian = a dialect from \language\l@british 
\l@newzealand = a dialect from \language\l@british 
))
(/usr/local/texlive/2018/texmf-dist/tex/latex/tools/multicol.sty
Package: multicol 2018/04/01 v1.8r multicolumn formatting (FMi)
\c@tracingmulticols=\count117
\mult@box=\box28
\multicol@leftmargin=\dimen128
\c@unbalance=\count118
\c@collectmore=\count119
\doublecol@number=\count120
\multicoltolerance=\count121
\multicolpretolerance=\count122
\full@width=\dimen129
\page@free=\dimen130
\premulticols=\dimen131
\postmulticols=\dimen132
\multicolsep=\skip54
\multicolbaselineskip=\skip55
\partial@page=\box29
\last@line=\box30
\maxbalancingoverflow=\dimen133
\mult@rightbox=\box31
\mult@grightbox=\box32
\mult@gfirstbox=\box33
\mult@firstbox=\box34
\@tempa=\box35
\@tempa=\box36
\@tempa=\box37
\@tempa=\box38
\@tempa=\box39
\@tempa=\box40
\@tempa=\box41
\@tempa=\box42
\@tempa=\box43
\@tempa=\box44
\@tempa=\box45
\@tempa=\box46
\@tempa=\box47
\@tempa=\box48
\@tempa=\box49
\@tempa=\box50
\@tempa=\box51
\c@columnbadness=\count123
\c@finalcolumnbadness=\count124
\last@try=\dimen134
\multicolovershoot=\dimen135
\multicolundershoot=\dimen136
\mult@nat@firstbox=\box52
\colbreak@box=\box53
\mc@col@check@num=\count125
)
(/usr/local/texlive/2018/texmf-dist/tex/latex/enumitem/enumitem.sty
Package: enumitem 2011/09/28 v3.5.2 Customized lists
\labelindent=\skip56
\enit@outerparindent=\dimen137
\enit@toks=\toks24
\enit@inbox=\box54
\enitdp@description=\count126
)
(/usr/local/texlive/2018/texmf-dist/tex/latex/cite/cite.sty
LaTeX Info: Redefining \cite on input line 302.
LaTeX Info: Redefining \nocite on input line 332.
Package: cite 2015/02/27  v 5.5
)
(/usr/local/texlive/2018/texmf-dist/tex/latex/listings/listings.sty
\lst@mode=\count127
\lst@gtempboxa=\box55
\lst@token=\toks25
\lst@length=\count128
\lst@currlwidth=\dimen138
\lst@column=\count129
\lst@pos=\count130
\lst@lostspace=\dimen139
\lst@width=\dimen140
\lst@newlines=\count131
\lst@lineno=\count132
\lst@maxwidth=\dimen141

(/usr/local/texlive/2018/texmf-dist/tex/latex/listings/lstmisc.sty
File: lstmisc.sty 2015/06/04 1.6 (Carsten Heinz)
\c@lstnumber=\count133
\lst@skipnumbers=\count134
\lst@framebox=\box56
)
(/usr/local/texlive/2018/texmf-dist/tex/latex/listings/listings.cfg
File: listings.cfg 2015/06/04 1.6 listings configuration
))
Package: listings 2015/06/04 1.6 (Carsten Heinz)

(/usr/local/texlive/2018/texmf-dist/tex/latex/csquotes/csquotes.sty
Package: csquotes 2018/02/11 v5.2c context-sensitive quotations (JAW)

(/usr/local/texlive/2018/texmf-dist/tex/latex/etoolbox/etoolbox.sty
Package: etoolbox 2018/02/11 v2.5e e-TeX tools for LaTeX (JAW)
\etb@tempcnta=\count135
)
\csq@reset=\count136
\csq@gtype=\count137
\csq@glevel=\count138
\csq@qlevel=\count139
\csq@maxlvl=\count140
\csq@tshold=\count141
\csq@ltx@everypar=\toks26

(/usr/local/texlive/2018/texmf-dist/tex/latex/csquotes/csquotes.def
File: csquotes.def 2018/02/11 v5.2c csquotes generic definitions (JAW)
)
Package csquotes Info: Trying to load configuration file 'csquotes.cfg'...
Package csquotes Info: ... configuration file loaded successfully.

(/usr/local/texlive/2018/texmf-dist/tex/latex/csquotes/csquotes.cfg
File: csquotes.cfg 
))
(/usr/local/texlive/2018/texmf-dist/tex/latex/subfig/subfig.sty
Package: subfig 2005/06/28 ver: 1.3 subfig package

(/usr/local/texlive/2018/texmf-dist/tex/latex/caption/caption.sty
Package: caption 2016/02/21 v3.3-144 Customizing captions (AR)

(/usr/local/texlive/2018/texmf-dist/tex/latex/caption/caption3.sty
Package: caption3 2016/05/22 v1.7-166 caption3 kernel (AR)
Package caption3 Info: TeX engine: e-TeX on input line 67.
\captionmargin=\dimen142
\captionmargin@=\dimen143
\captionwidth=\dimen144
\caption@tempdima=\dimen145
\caption@indent=\dimen146
\caption@parindent=\dimen147
\caption@hangindent=\dimen148
)
\c@ContinuedFloat=\count142
Package caption Info: hyperref package is loaded.
Package caption Info: listings package is loaded.
)
\c@KVtest=\count143
\sf@farskip=\skip57
\sf@captopadj=\dimen149
\sf@capskip=\skip58
\sf@nearskip=\skip59
\c@subfigure=\count144
\c@subfigure@save=\count145
\c@lofdepth=\count146
\c@subtable=\count147
\c@subtable@save=\count148
\c@lotdepth=\count149
\sf@top=\skip60
\sf@bottom=\skip61
)
(/usr/local/texlive/2018/texmf-dist/tex/latex/appendix/appendix.sty
Package: appendix 2009/09/02 v1.2b extra appendix facilities
\c@@pps=\count150
\c@@ppsavesec=\count151
\c@@ppsaveapp=\count152
)
Package csquotes Info: Checking for multilingual support...
Package csquotes Info: ... found 'babel' package.
Package csquotes Info: Adjusting default style.
Package csquotes Info: Redefining alias 'default' -> 'english'.

(./thesis.aux (./Introduction.aux) (./KF.aux) (./EKF.aux) (./UKF.aux)
(./VDP.aux

LaTeX Warning: Label `fig:f1' multiply defined.


LaTeX Warning: Label `sub@fig:f1' multiply defined.


LaTeX Warning: Label `fig:f2' multiply defined.


LaTeX Warning: Label `sub@fig:f2' multiply defined.

) (./Meskin.aux

LaTeX Warning: Label `map' multiply defined.

) (./Appendix.aux))
\openout1 = `thesis.aux'.

LaTeX Font Info:    Checking defaults for OML/cmm/m/it on input line 26.
LaTeX Font Info:    ... okay on input line 26.
LaTeX Font Info:    Checking defaults for T1/cmr/m/n on input line 26.
LaTeX Font Info:    ... okay on input line 26.
LaTeX Font Info:    Checking defaults for OT1/cmr/m/n on input line 26.
LaTeX Font Info:    ... okay on input line 26.
LaTeX Font Info:    Checking defaults for OMS/cmsy/m/n on input line 26.
LaTeX Font Info:    ... okay on input line 26.
LaTeX Font Info:    Checking defaults for OMX/cmex/m/n on input line 26.
LaTeX Font Info:    ... okay on input line 26.
LaTeX Font Info:    Checking defaults for U/cmr/m/n on input line 26.
LaTeX Font Info:    ... okay on input line 26.
LaTeX Font Info:    Checking defaults for PD1/pdf/m/n on input line 26.
LaTeX Font Info:    ... okay on input line 26.

(/usr/local/texlive/2018/texmf-dist/tex/context/base/mkii/supp-pdf.mkii
[Loading MPS to PDF converter (version 2006.09.02).]
\scratchcounter=\count153
\scratchdimen=\dimen150
\scratchbox=\box57
\nofMPsegments=\count154
\nofMParguments=\count155
\everyMPshowfont=\toks27
\MPscratchCnt=\count156
\MPscratchDim=\dimen151
\MPnumerator=\count157
\makeMPintoPDFobject=\count158
\everyMPtoPDFconversion=\toks28
) (/usr/local/texlive/2018/texmf-dist/tex/latex/oberdiek/epstopdf-base.sty
Package: epstopdf-base 2016/05/15 v2.6 Base part for package epstopdf

(/usr/local/texlive/2018/texmf-dist/tex/latex/oberdiek/grfext.sty
Package: grfext 2016/05/16 v1.2 Manage graphics extensions (HO)
)
Package epstopdf-base Info: Redefining graphics rule for `.eps' on input line 4
38.
Package grfext Info: Graphics extension search list:
(grfext)             [.pdf,.png,.jpg,.mps,.jpeg,.jbig2,.jb2,.PDF,.PNG,.JPG,.JPE
G,.JBIG2,.JB2,.eps]
(grfext)             \AppendGraphicsExtensions on input line 456.

(/usr/local/texlive/2018/texmf-dist/tex/latex/latexconfig/epstopdf-sys.cfg
File: epstopdf-sys.cfg 2010/07/13 v1.3 Configuration of (r)epstopdf for TeX Liv
e
))
\AtBeginShipoutBox=\box58
Package hyperref Info: Link coloring OFF on input line 26.

(/usr/local/texlive/2018/texmf-dist/tex/latex/hyperref/nameref.sty
Package: nameref 2016/05/21 v2.44 Cross-referencing by name of section

(/usr/local/texlive/2018/texmf-dist/tex/generic/oberdiek/gettitlestring.sty
Package: gettitlestring 2016/05/16 v1.5 Cleanup title references (HO)
)
\c@section@level=\count159
)
LaTeX Info: Redefining \ref on input line 26.
LaTeX Info: Redefining \pageref on input line 26.
LaTeX Info: Redefining \nameref on input line 26.

(./thesis.out) (./thesis.out)
\@outlinefile=\write3
\openout3 = `thesis.out'.

\c@lstlisting=\count160
Package caption Info: Begin \AtBeginDocument code.
Package caption Info: subfig package v1.3 is loaded.
Package caption Info: End \AtBeginDocument code.
<pomonalogo.pdf, id=76, 464.73625pt x 194.7275pt>
File: pomonalogo.pdf Graphic file (type pdf)
<use pomonalogo.pdf>
Package pdftex.def Info: pomonalogo.pdf  used on input line 28.
(pdftex.def)             Requested size: 172.5pt x 72.27682pt.
LaTeX Font Info:    Try loading font information for U+msa on input line 28.

(/usr/local/texlive/2018/texmf-dist/tex/latex/amsfonts/umsa.fd
File: umsa.fd 2013/01/14 v3.01 AMS symbols A
)
LaTeX Font Info:    Try loading font information for U+msb on input line 28.

(/usr/local/texlive/2018/texmf-dist/tex/latex/amsfonts/umsb.fd
File: umsb.fd 2013/01/14 v3.01 AMS symbols B
) [1

{/usr/local/texlive/2018/texmf-var/fonts/map/pdftex/updmap/pdftex.map} <./pomon
alogo.pdf>]pdfTeX warning (ext4): destination with the same identifier (name{pa
ge.}) has been already used, duplicate ignored
<to be read again> 
                   \relax 
l.32 \end{abstract}
                    [1] (./thesis.toc
Overfull \hbox (0.61113pt too wide) detected at line 9
 []\OT1/cmr/m/n/10 xvii
 []


Overfull \hbox (3.38892pt too wide) detected at line 10
 []\OT1/cmr/m/n/10 xxiii
 []


Overfull \hbox (5.88893pt too wide) detected at line 11
 []\OT1/cmr/m/n/10 xxvii
 []


Overfull \hbox (3.11115pt too wide) detected at line 13
 []\OT1/cmr/m/n/10 xxxi
 []


Overfull \hbox (8.66672pt too wide) detected at line 14
 []\OT1/cmr/m/n/10 xxxiii
 []


Overfull \hbox (8.38895pt too wide) detected at line 15
 []\OT1/cmr/m/n/10 xxxiv
 []


Overfull \hbox (8.38895pt too wide) detected at line 17
 []\OT1/cmr/m/n/10 xxxix
 []


Overfull \hbox (0.8889pt too wide) detected at line 18
 []\OT1/cmr/m/n/10 xliii
 []


Overfull \hbox (0.61113pt too wide) detected at line 19
 []\OT1/cmr/m/n/10 xliv
 []


Overfull \hbox (0.61113pt too wide) detected at line 20
 []\OT1/cmr/m/n/10 xliv
 []

)
\tf@toc=\write4
\openout4 = `thesis.toc'.

 [1

]
\openout2 = `Introduction.aux'.

 (./Introduction.tex
Chapter 1.

Underfull \hbox (badness 10000) in paragraph at lines 4--6

 []

) [2


]
\openout2 = `KF.aux'.

 (./KF.tex
Chapter 2.

Underfull \hbox (badness 10000) in paragraph at lines 6--8

 []


Underfull \hbox (badness 10000) in paragraph at lines 6--8

 []

<diagram.png, id=126, 956.57375pt x 478.78876pt>
File: diagram.png Graphic file (type png)
<use diagram.png>
Package pdftex.def Info: diagram.png  used on input line 11.
(pdftex.def)             Requested size: 286.97433pt x 143.63773pt.

LaTeX Warning: `h' float specifier changed to `ht'.

[3



]
<coffee.png, id=137, 749.80125pt x 646.415pt>
File: coffee.png Graphic file (type png)
<use coffee.png>
Package pdftex.def Info: coffee.png  used on input line 19.
(pdftex.def)             Requested size: 224.94211pt x 193.926pt.
 [4 <./diagram.png> <./coffee.png>]

LaTeX Warning: Citation `lim_ong_lim_koo_2016' on page v undefined on input lin
e 25.


LaTeX Warning: Citation `kalmanbio' on page v undefined on input line 25.


Underfull \hbox (badness 10000) in paragraph at lines 25--26

 []


Underfull \hbox (badness 10000) in paragraph at lines 25--26

 []


LaTeX Warning: Citation `kalmanbio' on page v undefined on input line 28.


LaTeX Warning: Citation `Kalman_bio' on page v undefined on input line 28.

[5]
<kgraph.png, id=154, 1032.85875pt x 237.88875pt>
File: kgraph.png Graphic file (type png)
<use kgraph.png>
Package pdftex.def Info: kgraph.png  used on input line 49.
(pdftex.def)             Requested size: 309.86002pt x 71.36716pt.

Underfull \hbox (badness 10000) in paragraph at lines 65--67

 []

[6 <./kgraph.png>]
Underfull \hbox (badness 10000) in paragraph at lines 71--73

 []


Underfull \hbox (badness 10000) in paragraph at lines 96--99

 []


Underfull \hbox (badness 10000) in paragraph at lines 104--108

 []


Underfull \hbox (badness 10000) in paragraph at lines 104--108

 []

[7]
Underfull \hbox (badness 10000) in paragraph at lines 119--124

 []


Underfull \hbox (badness 10000) in paragraph at lines 119--124

 []

[8]
Underfull \hbox (badness 10000) in paragraph at lines 135--137

 []

[9] [10]) [11]
\openout2 = `EKF.aux'.

 (./EKF.tex
Chapter 3.

Underfull \hbox (badness 10000) in paragraph at lines 4--5

 []


Underfull \hbox (badness 10000) in paragraph at lines 4--5

 []

[12



] [13] [14]) [15]
\openout2 = `UKF.aux'.

 (./UKF.tex
Chapter 4.

Underfull \hbox (badness 10000) in paragraph at lines 4--9

 []


Underfull \hbox (badness 10000) in paragraph at lines 4--9

 []

[16



]
Underfull \hbox (badness 10000) in paragraph at lines 23--26

 []


Underfull \hbox (badness 10000) in paragraph at lines 30--34

 []


Underfull \hbox (badness 10000) in paragraph at lines 30--34

 []

[17] [18]
Underfull \hbox (badness 10000) in paragraph at lines 81--84

 []


Underfull \hbox (badness 10000) in paragraph at lines 92--95

 []

[19]
Underfull \hbox (badness 10000) in paragraph at lines 105--107

 []

[20] [21]
Overfull \hbox (3.90845pt too wide) in paragraph at lines 164--165
[]\OT1/cmr/m/n/10 Default| 
 []

) [22]
\openout2 = `VDP.aux'.

 (./VDP.tex
Underfull \hbox (badness 10000) in paragraph at lines 9--11

 []


Underfull \hbox (badness 10000) in paragraph at lines 50--51

 []

[23


]
Underfull \hbox (badness 10000) in paragraph at lines 52--53

 []


LaTeX Warning: Citation `matlab /& simulink' on page xxiv undefined on input li
ne 54.

<VDP.png, id=279, 562.2606pt x 421.575pt>
File: VDP.png Graphic file (type png)
<use VDP.png>
Package pdftex.def Info: VDP.png  used on input line 58.
(pdftex.def)             Requested size: 337.35896pt x 252.94695pt.
<VDP_badinitial.png, id=280, 562.2606pt x 421.575pt>
File: VDP_badinitial.png Graphic file (type png)
<use VDP_badinitial.png>
Package pdftex.def Info: VDP_badinitial.png  used on input line 64.
(pdftex.def)             Requested size: 337.35896pt x 252.94695pt.

LaTeX Warning: `h' float specifier changed to `ht'.

<VDP_highMN.png, id=281, 562.2606pt x 421.575pt>
File: VDP_highMN.png Graphic file (type png)
<use VDP_highMN.png>
Package pdftex.def Info: VDP_highMN.png  used on input line 71.
(pdftex.def)             Requested size: 172.5pt x 129.33603pt.
<VDP_lowMN.png, id=282, 562.2606pt x 421.575pt>
File: VDP_lowMN.png Graphic file (type png)
<use VDP_lowMN.png>
Package pdftex.def Info: VDP_lowMN.png  used on input line 73.
(pdftex.def)             Requested size: 172.5pt x 129.33603pt.
<VDP_highPN.png, id=283, 562.2606pt x 421.575pt>
File: VDP_highPN.png Graphic file (type png)
<use VDP_highPN.png>
Package pdftex.def Info: VDP_highPN.png  used on input line 81.
(pdftex.def)             Requested size: 172.5pt x 129.33603pt.
<VDP_lowPN.png, id=284, 562.2606pt x 421.575pt>
File: VDP_lowPN.png Graphic file (type png)
<use VDP_lowPN.png>
Package pdftex.def Info: VDP_lowPN.png  used on input line 83.
(pdftex.def)             Requested size: 172.5pt x 129.33603pt.
) [24 <./VDP.png (PNG copy)>] [25 <./VDP_badinitial.png (PNG copy)>] [26 <./VDP
_highMN.png (PNG copy)> <./VDP_lowMN.png (PNG copy)> <./VDP_highPN.png (PNG cop
y)> <./VDP_lowPN.png (PNG copy)>]
\openout2 = `Meskin.aux'.

 (./Meskin.tex
Underfull \hbox (badness 10000) in paragraph at lines 4--5

 []


Underfull \hbox (badness 10000) in paragraph at lines 6--7

 []

[27


]
<Meskin_overall.png, id=312, 562.2606pt x 421.575pt>
File: Meskin_overall.png Graphic file (type png)
<use Meskin_overall.png>
Package pdftex.def Info: Meskin_overall.png  used on input line 12.
(pdftex.def)             Requested size: 337.35896pt x 252.94695pt.

Underfull \hbox (badness 10000) in paragraph at lines 18--19

 []

[28 <./Meskin_overall.png (PNG copy)>]
<Meskin_states.png, id=318, 562.2606pt x 421.575pt>
File: Meskin_states.png Graphic file (type png)
<use Meskin_states.png>
Package pdftex.def Info: Meskin_states.png  used on input line 26.
(pdftex.def)             Requested size: 337.35896pt x 252.94695pt.

Underfull \hbox (badness 10000) in paragraph at lines 34--35

 []

) [29 <./Meskin_states.png (PNG copy)>] (./thesis.bbl) [30


]
\openout2 = `Appendix.aux'.

 (./Appendix.tex
(/usr/local/texlive/2018/texmf-dist/tex/latex/listings/lstlang1.sty
File: lstlang1.sty 2015/06/04 1.6 listings language file
)pdfTeX warning (ext4): destination with the same identifier (name{chapter.1}) 
has been already used, duplicate ignored
<to be read again> 
                   \relax 
l.19 \chapter{Van der Pol Code}
                               
Appendix A.
Package hyperref Info: bookmark level for unknown lstlisting defaults to 0 on i
nput line 22.
(./UKF.m
LaTeX Font Info:    Try loading font information for OMS+cmr on input line 3.
 (/usr/local/texlive/2018/texmf-dist/tex/latex/base/omscmr.fd
File: omscmr.fd 2014/09/29 v2.5h Standard LaTeX font definitions
)
LaTeX Font Info:    Font shape `OMS/cmr/m/n' in size <10> not available
(Font)              Font shape `OMS/cmsy/m/n' tried instead on input line 3.
 [31


]
[32]) (./vdpStateFcn.m [33]) (./Meskin.m [34] [35] [36] [37]) [38]pdfTeX warnin
g (ext4): destination with the same identifier (name{chapter.2}) has been alrea
dy used, duplicate ignored
<to be read again> 
                   \relax 
l.31 \chapter{Meskin Code}
                          
Appendix B.
pdfTeX warning (ext4): destination with the same identifier (name{section.2.1})
 has been already used, duplicate ignored
<to be read again> 
                   \relax 
l.33 \section{Main function}
                             (./Meskin.m [39

] [40] [41] [42])pdfTeX warning (ext4): destination with the same identifier (n
ame{section.2.2}) has been already used, duplicate ignored
<to be read again> 
                   \relax 
l.35 \section{State function}
                              (./MeskinStateFcn.m) [43]
(./MeskinMeasurementNonAddFcn.m) (./parameter_values.m [44]) [45])
Package atveryend Info: Empty hook `BeforeClearDocument' on input line 59.
Package atveryend Info: Empty hook `AfterLastShipout' on input line 59.

(./thesis.aux (./Introduction.aux) (./KF.aux) (./EKF.aux) (./UKF.aux)
(./VDP.aux) (./Meskin.aux) (./Appendix.aux))
Package atveryend Info: Empty hook `AtVeryEndDocument' on input line 59.
Package atveryend Info: Executing hook `AtEndAfterFileList' on input line 59.
Package rerunfilecheck Info: File `thesis.out' has not changed.
(rerunfilecheck)             Checksum: A12D60EE6F4AD85D0DFCCE4CAC771EBE;1192.


LaTeX Warning: There were undefined references.


LaTeX Warning: There were multiply-defined labels.

Package atveryend Info: Empty hook `AtVeryVeryEnd' on input line 59.
 ) 
Here is how much of TeX's memory you used:
 13215 strings out of 492649
 191362 string characters out of 6129622
 445293 words of memory out of 5000000
 16251 multiletter control sequences out of 15000+600000
 12157 words of font info for 46 fonts, out of 8000000 for 9000
 1141 hyphenation exceptions out of 8191
 44i,16n,51p,1542b,2382s stack positions out of 5000i,500n,10000p,200000b,80000s
</usr/local/texlive/2018/texmf-dist/fonts/type1/public/amsfonts/cm/cmbx10.pfb
></usr/local/texlive/2018/texmf-dist/fonts/type1/public/amsfonts/cm/cmbx12.pfb>
</usr/local/texlive/2018/texmf-dist/fonts/type1/public/amsfonts/cm/cmcsc10.pfb>
</usr/local/texlive/2018/texmf-dist/fonts/type1/public/amsfonts/cm/cmex10.pfb><
/usr/local/texlive/2018/texmf-dist/fonts/type1/public/amsfonts/cm/cmmi10.pfb></
usr/local/texlive/2018/texmf-dist/fonts/type1/public/amsfonts/cm/cmmi5.pfb></us
r/local/texlive/2018/texmf-dist/fonts/type1/public/amsfonts/cm/cmmi7.pfb></usr/
local/texlive/2018/texmf-dist/fonts/type1/public/amsfonts/cm/cmr10.pfb></usr/lo
cal/texlive/2018/texmf-dist/fonts/type1/public/amsfonts/cm/cmr12.pfb></usr/loca
l/texlive/2018/texmf-dist/fonts/type1/public/amsfonts/cm/cmr5.pfb></usr/local/t
exlive/2018/texmf-dist/fonts/type1/public/amsfonts/cm/cmr6.pfb></usr/local/texl
ive/2018/texmf-dist/fonts/type1/public/amsfonts/cm/cmr7.pfb></usr/local/texlive
/2018/texmf-dist/fonts/type1/public/amsfonts/cm/cmr8.pfb></usr/local/texlive/20
18/texmf-dist/fonts/type1/public/amsfonts/cm/cmsy10.pfb></usr/local/texlive/201
8/texmf-dist/fonts/type1/public/amsfonts/cm/cmsy5.pfb></usr/local/texlive/2018/
texmf-dist/fonts/type1/public/amsfonts/cm/cmsy7.pfb></usr/local/texlive/2018/te
xmf-dist/fonts/type1/public/amsfonts/cm/cmti10.pfb></usr/local/texlive/2018/tex
mf-dist/fonts/type1/public/amsfonts/cm/cmti12.pfb></usr/local/texlive/2018/texm
f-dist/fonts/type1/public/amsfonts/symbols/msbm10.pfb>
Output written on thesis.pdf (47 pages, 1236299 bytes).
PDF statistics:
 1086 PDF objects out of 1200 (max. 8388607)
 991 compressed objects within 10 object streams
 606 named destinations out of 1000 (max. 500000)
 213 words of extra memory for PDF output out of 10000 (max. 10000000)

