This is pdfTeX, Version 3.14159265-2.6-1.40.19 (TeX Live 2018) (preloaded format=pdflatex 2018.4.16)  26 APR 2020 17:10
entering extended mode
 restricted \write18 enabled.
 file:line:error style messages enabled.
 %&-line parsing enabled.
**thesis.tex
(./thesis.tex
LaTeX2e <2018-04-01> patch level 2
Babel <3.18> and hyphenation patterns for 84 language(s) loaded.

LaTeX Warning: You have requested package `',
               but the package provides `pom_thesis'.

Package: pom_thesis 1/16/15
(./pom_thesis.cls
Document Class: pom_thesis 1/16/15
(/usr/local/texlive/2018/texmf-dist/tex/latex/graphics/graphicx.sty
Package: graphicx 2017/06/01 v1.1a Enhanced LaTeX Graphics (DPC,SPQR)

(/usr/local/texlive/2018/texmf-dist/tex/latex/graphics/keyval.sty
Package: keyval 2014/10/28 v1.15 key=value parser (DPC)
\KV@toks@=\toks14
)
(/usr/local/texlive/2018/texmf-dist/tex/latex/graphics/graphics.sty
Package: graphics 2017/06/25 v1.2c Standard LaTeX Graphics (DPC,SPQR)

(/usr/local/texlive/2018/texmf-dist/tex/latex/graphics/trig.sty
Package: trig 2016/01/03 v1.10 sin cos tan (DPC)
)
(/usr/local/texlive/2018/texmf-dist/tex/latex/graphics-cfg/graphics.cfg
File: graphics.cfg 2016/06/04 v1.11 sample graphics configuration
)
Package graphics Info: Driver file: pdftex.def on input line 99.

(/usr/local/texlive/2018/texmf-dist/tex/latex/graphics-def/pdftex.def
File: pdftex.def 2018/01/08 v1.0l Graphics/color driver for pdftex
))
\Gin@req@height=\dimen102
\Gin@req@width=\dimen103
)
(/usr/local/texlive/2018/texmf-dist/tex/latex/amsmath/amsmath.sty
Package: amsmath 2017/09/02 v2.17a AMS math features
\@mathmargin=\skip41

For additional information on amsmath, use the `?' option.
(/usr/local/texlive/2018/texmf-dist/tex/latex/amsmath/amstext.sty
Package: amstext 2000/06/29 v2.01 AMS text

(/usr/local/texlive/2018/texmf-dist/tex/latex/amsmath/amsgen.sty
File: amsgen.sty 1999/11/30 v2.0 generic functions
\@emptytoks=\toks15
\ex@=\dimen104
))
(/usr/local/texlive/2018/texmf-dist/tex/latex/amsmath/amsbsy.sty
Package: amsbsy 1999/11/29 v1.2d Bold Symbols
\pmbraise@=\dimen105
)
(/usr/local/texlive/2018/texmf-dist/tex/latex/amsmath/amsopn.sty
Package: amsopn 2016/03/08 v2.02 operator names
)
\inf@bad=\count80
LaTeX Info: Redefining \frac on input line 213.
\uproot@=\count81
\leftroot@=\count82
LaTeX Info: Redefining \overline on input line 375.
\classnum@=\count83
\DOTSCASE@=\count84
LaTeX Info: Redefining \ldots on input line 472.
LaTeX Info: Redefining \dots on input line 475.
LaTeX Info: Redefining \cdots on input line 596.
\Mathstrutbox@=\box26
\strutbox@=\box27
\big@size=\dimen106
LaTeX Font Info:    Redeclaring font encoding OML on input line 712.
LaTeX Font Info:    Redeclaring font encoding OMS on input line 713.
\macc@depth=\count85
\c@MaxMatrixCols=\count86
\dotsspace@=\muskip10
\c@parentequation=\count87
\dspbrk@lvl=\count88
\tag@help=\toks16
\row@=\count89
\column@=\count90
\maxfields@=\count91
\andhelp@=\toks17
\eqnshift@=\dimen107
\alignsep@=\dimen108
\tagshift@=\dimen109
\tagwidth@=\dimen110
\totwidth@=\dimen111
\lineht@=\dimen112
\@envbody=\toks18
\multlinegap=\skip42
\multlinetaggap=\skip43
\mathdisplay@stack=\toks19
LaTeX Info: Redefining \[ on input line 2817.
LaTeX Info: Redefining \] on input line 2818.
)
(/usr/local/texlive/2018/texmf-dist/tex/latex/amsfonts/amssymb.sty
Package: amssymb 2013/01/14 v3.01 AMS font symbols

(/usr/local/texlive/2018/texmf-dist/tex/latex/amsfonts/amsfonts.sty
Package: amsfonts 2013/01/14 v3.01 Basic AMSFonts support
\symAMSa=\mathgroup4
\symAMSb=\mathgroup5
LaTeX Font Info:    Overwriting math alphabet `\mathfrak' in version `bold'
(Font)                  U/euf/m/n --> U/euf/b/n on input line 106.
))
(/usr/local/texlive/2018/texmf-dist/tex/latex/graphics/color.sty
Package: color 2016/07/10 v1.1e Standard LaTeX Color (DPC)

(/usr/local/texlive/2018/texmf-dist/tex/latex/graphics-cfg/color.cfg
File: color.cfg 2016/01/02 v1.6 sample color configuration
)
Package color Info: Driver file: pdftex.def on input line 147.
)
(/usr/local/texlive/2018/texmf-dist/tex/latex/preprint/fullpage.sty
Package: fullpage 1999/02/23 1.1 (PWD)
\FP@margin=\skip44
)
(/usr/local/texlive/2018/texmf-dist/tex/latex/hyperref/hyperref.sty
Package: hyperref 2018/02/06 v6.86b Hypertext links for LaTeX

(/usr/local/texlive/2018/texmf-dist/tex/generic/oberdiek/hobsub-hyperref.sty
Package: hobsub-hyperref 2016/05/16 v1.14 Bundle oberdiek, subset hyperref (HO)


(/usr/local/texlive/2018/texmf-dist/tex/generic/oberdiek/hobsub-generic.sty
Package: hobsub-generic 2016/05/16 v1.14 Bundle oberdiek, subset generic (HO)
Package: hobsub 2016/05/16 v1.14 Construct package bundles (HO)
Package: infwarerr 2016/05/16 v1.4 Providing info/warning/error messages (HO)
Package: ltxcmds 2016/05/16 v1.23 LaTeX kernel commands for general use (HO)
Package: ifluatex 2016/05/16 v1.4 Provides the ifluatex switch (HO)
Package ifluatex Info: LuaTeX not detected.
Package: ifvtex 2016/05/16 v1.6 Detect VTeX and its facilities (HO)
Package ifvtex Info: VTeX not detected.
Package: intcalc 2016/05/16 v1.2 Expandable calculations with integers (HO)
Package: ifpdf 2017/03/15 v3.2 Provides the ifpdf switch
Package: etexcmds 2016/05/16 v1.6 Avoid name clashes with e-TeX commands (HO)
Package etexcmds Info: Could not find \expanded.
(etexcmds)             That can mean that you are not using pdfTeX 1.50 or
(etexcmds)             that some package has redefined \expanded.
(etexcmds)             In the latter case, load this package earlier.
Package: kvsetkeys 2016/05/16 v1.17 Key value parser (HO)
Package: kvdefinekeys 2016/05/16 v1.4 Define keys (HO)
Package: pdftexcmds 2018/01/30 v0.27 Utility functions of pdfTeX for LuaTeX (HO
)
Package pdftexcmds Info: LuaTeX not detected.
Package pdftexcmds Info: \pdf@primitive is available.
Package pdftexcmds Info: \pdf@ifprimitive is available.
Package pdftexcmds Info: \pdfdraftmode found.
Package: pdfescape 2016/05/16 v1.14 Implements pdfTeX's escape features (HO)
Package: bigintcalc 2016/05/16 v1.4 Expandable calculations on big integers (HO
)
Package: bitset 2016/05/16 v1.2 Handle bit-vector datatype (HO)
Package: uniquecounter 2016/05/16 v1.3 Provide unlimited unique counter (HO)
)
Package hobsub Info: Skipping package `hobsub' (already loaded).
Package: letltxmacro 2016/05/16 v1.5 Let assignment for LaTeX macros (HO)
Package: hopatch 2016/05/16 v1.3 Wrapper for package hooks (HO)
Package: xcolor-patch 2016/05/16 xcolor patch
Package: atveryend 2016/05/16 v1.9 Hooks at the very end of document (HO)
Package atveryend Info: \enddocument detected (standard20110627).
Package: atbegshi 2016/06/09 v1.18 At begin shipout hook (HO)
Package: refcount 2016/05/16 v3.5 Data extraction from label references (HO)
Package: hycolor 2016/05/16 v1.8 Color options for hyperref/bookmark (HO)
)
(/usr/local/texlive/2018/texmf-dist/tex/generic/ifxetex/ifxetex.sty
Package: ifxetex 2010/09/12 v0.6 Provides ifxetex conditional
)
(/usr/local/texlive/2018/texmf-dist/tex/latex/oberdiek/auxhook.sty
Package: auxhook 2016/05/16 v1.4 Hooks for auxiliary files (HO)
)
(/usr/local/texlive/2018/texmf-dist/tex/latex/oberdiek/kvoptions.sty
Package: kvoptions 2016/05/16 v3.12 Key value format for package options (HO)
)
\@linkdim=\dimen113
\Hy@linkcounter=\count92
\Hy@pagecounter=\count93

(/usr/local/texlive/2018/texmf-dist/tex/latex/hyperref/pd1enc.def
File: pd1enc.def 2018/02/06 v6.86b Hyperref: PDFDocEncoding definition (HO)
Now handling font encoding PD1 ...
... no UTF-8 mapping file for font encoding PD1
)
\Hy@SavedSpaceFactor=\count94

(/usr/local/texlive/2018/texmf-dist/tex/latex/latexconfig/hyperref.cfg
File: hyperref.cfg 2002/06/06 v1.2 hyperref configuration of TeXLive
)
Package hyperref Info: Hyper figures OFF on input line 4509.
Package hyperref Info: Link nesting OFF on input line 4514.
Package hyperref Info: Hyper index ON on input line 4517.
Package hyperref Info: Plain pages OFF on input line 4524.
Package hyperref Info: Backreferencing OFF on input line 4529.
Package hyperref Info: Implicit mode ON; LaTeX internals redefined.
Package hyperref Info: Bookmarks ON on input line 4762.
\c@Hy@tempcnt=\count95

(/usr/local/texlive/2018/texmf-dist/tex/latex/url/url.sty
\Urlmuskip=\muskip11
Package: url 2013/09/16  ver 3.4  Verb mode for urls, etc.
)
LaTeX Info: Redefining \url on input line 5115.
\XeTeXLinkMargin=\dimen114
\Fld@menulength=\count96
\Field@Width=\dimen115
\Fld@charsize=\dimen116
Package hyperref Info: Hyper figures OFF on input line 6369.
Package hyperref Info: Link nesting OFF on input line 6374.
Package hyperref Info: Hyper index ON on input line 6377.
Package hyperref Info: backreferencing OFF on input line 6384.
Package hyperref Info: Link coloring OFF on input line 6389.
Package hyperref Info: Link coloring with OCG OFF on input line 6394.
Package hyperref Info: PDF/A mode OFF on input line 6399.
LaTeX Info: Redefining \ref on input line 6439.
LaTeX Info: Redefining \pageref on input line 6443.


Package hyperref Warning: Option `pdfpagelabels' is turned off
(hyperref)                because \thepage is undefined.

\c@Item=\count97
\c@Hfootnote=\count98
)
Package hyperref Info: Driver (autodetected): hpdftex.
 (/usr/local/texlive/2018/texmf-dist/tex/latex/hyperref/hpdftex.def
File: hpdftex.def 2018/02/06 v6.86b Hyperref driver for pdfTeX
\Fld@listcount=\count99
\c@bookmark@seq@number=\count100

(/usr/local/texlive/2018/texmf-dist/tex/latex/oberdiek/rerunfilecheck.sty
Package: rerunfilecheck 2016/05/16 v1.8 Rerun checks for auxiliary files (HO)
Package uniquecounter Info: New unique counter `rerunfilecheck' on input line 2
82.
)
\Hy@SectionHShift=\skip45
)
(/usr/local/texlive/2018/texmf-dist/tex/latex/tools/theorem.sty
Package: theorem 2014/10/28 v2.2c Theorem extension package (FMi)
\theorem@style=\toks20
\theorem@bodyfont=\toks21
\theorempreskipamount=\skip46
\theorempostskipamount=\skip47

(/usr/local/texlive/2018/texmf-dist/tex/latex/tools/thp.sty
File: thp.sty 2014/10/28 v2.2c Theorem extension package (FMi)
))
(/usr/local/texlive/2018/texmf-dist/tex/latex/base/report.cls
Document Class: report 2014/09/29 v1.4h Standard LaTeX document class
(/usr/local/texlive/2018/texmf-dist/tex/latex/base/size10.clo
File: size10.clo 2014/09/29 v1.4h Standard LaTeX file (size option)
)
\c@part=\count101
\c@chapter=\count102
\c@section=\count103
\c@subsection=\count104
\c@subsubsection=\count105
\c@paragraph=\count106
\c@subparagraph=\count107
\c@figure=\count108
\c@table=\count109
\abovecaptionskip=\skip48
\belowcaptionskip=\skip49
\bibindent=\dimen117
)
\c@thm=\count110
)
(/usr/local/texlive/2018/texmf-dist/tex/latex/base/inputenc.sty
Package: inputenc 2018/04/06 v1.3b Input encoding file
\inpenc@prehook=\toks22
\inpenc@posthook=\toks23
)
(/usr/local/texlive/2018/texmf-dist/tex/latex/xcolor/xcolor.sty
Package: xcolor 2016/05/11 v2.12 LaTeX color extensions (UK)

(/usr/local/texlive/2018/texmf-dist/tex/latex/graphics-cfg/color.cfg
File: color.cfg 2016/01/02 v1.6 sample color configuration
)
Package xcolor Info: Driver file: pdftex.def on input line 225.
LaTeX Info: Redefining \color on input line 709.
Package xcolor Info: Model `cmy' substituted by `cmy0' on input line 1348.
Package xcolor Info: Model `hsb' substituted by `rgb' on input line 1352.
Package xcolor Info: Model `RGB' extended on input line 1364.
Package xcolor Info: Model `HTML' substituted by `rgb' on input line 1366.
Package xcolor Info: Model `Hsb' substituted by `hsb' on input line 1367.
Package xcolor Info: Model `tHsb' substituted by `hsb' on input line 1368.
Package xcolor Info: Model `HSB' substituted by `hsb' on input line 1369.
Package xcolor Info: Model `Gray' substituted by `gray' on input line 1370.
Package xcolor Info: Model `wave' substituted by `hsb' on input line 1371.
)
(/usr/local/texlive/2018/texmf-dist/tex/latex/mathtools/mathtools.sty
Package: mathtools 2018/01/08 v1.21 mathematical typesetting tools

(/usr/local/texlive/2018/texmf-dist/tex/latex/tools/calc.sty
Package: calc 2017/05/25 v4.3 Infix arithmetic (KKT,FJ)
\calc@Acount=\count111
\calc@Bcount=\count112
\calc@Adimen=\dimen118
\calc@Bdimen=\dimen119
\calc@Askip=\skip50
\calc@Bskip=\skip51
LaTeX Info: Redefining \setlength on input line 80.
LaTeX Info: Redefining \addtolength on input line 81.
\calc@Ccount=\count113
\calc@Cskip=\skip52
)
(/usr/local/texlive/2018/texmf-dist/tex/latex/mathtools/mhsetup.sty
Package: mhsetup 2017/03/31 v1.3 programming setup (MH)
)
LaTeX Info: Thecontrolsequence`\('isalreadyrobust on input line 129.
LaTeX Info: Thecontrolsequence`\)'isalreadyrobust on input line 129.
LaTeX Info: Thecontrolsequence`\['isalreadyrobust on input line 129.
LaTeX Info: Thecontrolsequence`\]'isalreadyrobust on input line 129.
\g_MT_multlinerow_int=\count114
\l_MT_multwidth_dim=\dimen120
\origjot=\skip53
\l_MT_shortvdotswithinadjustabove_dim=\dimen121
\l_MT_shortvdotswithinadjustbelow_dim=\dimen122
\l_MT_above_intertext_sep=\dimen123
\l_MT_below_intertext_sep=\dimen124
\l_MT_above_shortintertext_sep=\dimen125
\l_MT_below_shortintertext_sep=\dimen126
)
(/usr/local/texlive/2018/texmf-dist/tex/generic/babel/babel.sty
Package: babel 2018/02/14 3.18 The Babel package

(/usr/local/texlive/2018/texmf-dist/tex/generic/babel/switch.def
File: switch.def 2018/02/14 3.18 Babel switching mechanism
)
(/usr/local/texlive/2018/texmf-dist/tex/generic/babel-english/english.ldf
Language: english 2017/06/06 v3.3r English support from the babel system

(/usr/local/texlive/2018/texmf-dist/tex/generic/babel/babel.def
File: babel.def 2018/02/14 3.18 Babel common definitions
\babel@savecnt=\count115
\U@D=\dimen127

(/usr/local/texlive/2018/texmf-dist/tex/generic/babel/txtbabel.def)
\bbl@dirlevel=\count116
)
\l@canadian = a dialect from \language\l@american 
\l@australian = a dialect from \language\l@british 
\l@newzealand = a dialect from \language\l@british 
))
(/usr/local/texlive/2018/texmf-dist/tex/latex/tools/multicol.sty
Package: multicol 2018/04/01 v1.8r multicolumn formatting (FMi)
\c@tracingmulticols=\count117
\mult@box=\box28
\multicol@leftmargin=\dimen128
\c@unbalance=\count118
\c@collectmore=\count119
\doublecol@number=\count120
\multicoltolerance=\count121
\multicolpretolerance=\count122
\full@width=\dimen129
\page@free=\dimen130
\premulticols=\dimen131
\postmulticols=\dimen132
\multicolsep=\skip54
\multicolbaselineskip=\skip55
\partial@page=\box29
\last@line=\box30
\maxbalancingoverflow=\dimen133
\mult@rightbox=\box31
\mult@grightbox=\box32
\mult@gfirstbox=\box33
\mult@firstbox=\box34
\@tempa=\box35
\@tempa=\box36
\@tempa=\box37
\@tempa=\box38
\@tempa=\box39
\@tempa=\box40
\@tempa=\box41
\@tempa=\box42
\@tempa=\box43
\@tempa=\box44
\@tempa=\box45
\@tempa=\box46
\@tempa=\box47
\@tempa=\box48
\@tempa=\box49
\@tempa=\box50
\@tempa=\box51
\c@columnbadness=\count123
\c@finalcolumnbadness=\count124
\last@try=\dimen134
\multicolovershoot=\dimen135
\multicolundershoot=\dimen136
\mult@nat@firstbox=\box52
\colbreak@box=\box53
\mc@col@check@num=\count125
)
(/usr/local/texlive/2018/texmf-dist/tex/latex/enumitem/enumitem.sty
Package: enumitem 2011/09/28 v3.5.2 Customized lists
\labelindent=\skip56
\enit@outerparindent=\dimen137
\enit@toks=\toks24
\enit@inbox=\box54
\enitdp@description=\count126
)
(/usr/local/texlive/2018/texmf-dist/tex/latex/tools/array.sty
Package: array 2018/04/07 v2.4g Tabular extension package (FMi)
\col@sep=\dimen138
\ar@mcellbox=\box55
\extrarowheight=\dimen139
\NC@list=\toks25
\extratabsurround=\skip57
\backup@length=\skip58
\ar@cellbox=\box56
)
(/usr/local/texlive/2018/texmf-dist/tex/latex/cite/cite.sty
LaTeX Info: Redefining \cite on input line 302.
LaTeX Info: Redefining \nocite on input line 332.
Package: cite 2015/02/27  v 5.5
)
(/usr/local/texlive/2018/texmf-dist/tex/latex/listings/listings.sty
\lst@mode=\count127
\lst@gtempboxa=\box57
\lst@token=\toks26
\lst@length=\count128
\lst@currlwidth=\dimen140
\lst@column=\count129
\lst@pos=\count130
\lst@lostspace=\dimen141
\lst@width=\dimen142
\lst@newlines=\count131
\lst@lineno=\count132
\lst@maxwidth=\dimen143

(/usr/local/texlive/2018/texmf-dist/tex/latex/listings/lstmisc.sty
File: lstmisc.sty 2015/06/04 1.6 (Carsten Heinz)
\c@lstnumber=\count133
\lst@skipnumbers=\count134
\lst@framebox=\box58
)
(/usr/local/texlive/2018/texmf-dist/tex/latex/listings/listings.cfg
File: listings.cfg 2015/06/04 1.6 listings configuration
))
Package: listings 2015/06/04 1.6 (Carsten Heinz)

(/usr/local/texlive/2018/texmf-dist/tex/latex/csquotes/csquotes.sty
Package: csquotes 2018/02/11 v5.2c context-sensitive quotations (JAW)

(/usr/local/texlive/2018/texmf-dist/tex/latex/etoolbox/etoolbox.sty
Package: etoolbox 2018/02/11 v2.5e e-TeX tools for LaTeX (JAW)
\etb@tempcnta=\count135
)
\csq@reset=\count136
\csq@gtype=\count137
\csq@glevel=\count138
\csq@qlevel=\count139
\csq@maxlvl=\count140
\csq@tshold=\count141
\csq@ltx@everypar=\toks27

(/usr/local/texlive/2018/texmf-dist/tex/latex/csquotes/csquotes.def
File: csquotes.def 2018/02/11 v5.2c csquotes generic definitions (JAW)
)
Package csquotes Info: Trying to load configuration file 'csquotes.cfg'...
Package csquotes Info: ... configuration file loaded successfully.

(/usr/local/texlive/2018/texmf-dist/tex/latex/csquotes/csquotes.cfg
File: csquotes.cfg 
))
(/usr/local/texlive/2018/texmf-dist/tex/latex/subfig/subfig.sty
Package: subfig 2005/06/28 ver: 1.3 subfig package

(/usr/local/texlive/2018/texmf-dist/tex/latex/caption/caption.sty
Package: caption 2016/02/21 v3.3-144 Customizing captions (AR)

(/usr/local/texlive/2018/texmf-dist/tex/latex/caption/caption3.sty
Package: caption3 2016/05/22 v1.7-166 caption3 kernel (AR)
Package caption3 Info: TeX engine: e-TeX on input line 67.
\captionmargin=\dimen144
\captionmargin@=\dimen145
\captionwidth=\dimen146
\caption@tempdima=\dimen147
\caption@indent=\dimen148
\caption@parindent=\dimen149
\caption@hangindent=\dimen150
)
\c@ContinuedFloat=\count142
Package caption Info: hyperref package is loaded.
Package caption Info: listings package is loaded.
)
\c@KVtest=\count143
\sf@farskip=\skip59
\sf@captopadj=\dimen151
\sf@capskip=\skip60
\sf@nearskip=\skip61
\c@subfigure=\count144
\c@subfigure@save=\count145
\c@lofdepth=\count146
\c@subtable=\count147
\c@subtable@save=\count148
\c@lotdepth=\count149
\sf@top=\skip62
\sf@bottom=\skip63
)
(/usr/local/texlive/2018/texmf-dist/tex/latex/appendix/appendix.sty
Package: appendix 2009/09/02 v1.2b extra appendix facilities
\c@@pps=\count150
\c@@ppsavesec=\count151
\c@@ppsaveapp=\count152
)
Package csquotes Info: Checking for multilingual support...
Package csquotes Info: ... found 'babel' package.
Package csquotes Info: Adjusting default style.
Package csquotes Info: Redefining alias 'default' -> 'english'.

(./thesis.aux (./Introduction.aux) (./state_space.aux) (./KF.aux) (./EKF.aux

LaTeX Warning: Label `tab:sometab' multiply defined.

) (./Meskin_EKF.aux) (./UKF.aux

LaTeX Warning: Label `tab:sometab' multiply defined.


LaTeX Warning: Label `tab:sometab' multiply defined.

) (./VDP.aux) (./Meskin_UKF.aux) (./future.aux) (./conclusion.aux)
(./Appendix.aux))
\openout1 = `thesis.aux'.

LaTeX Font Info:    Checking defaults for OML/cmm/m/it on input line 32.
LaTeX Font Info:    ... okay on input line 32.
LaTeX Font Info:    Checking defaults for T1/cmr/m/n on input line 32.
LaTeX Font Info:    ... okay on input line 32.
LaTeX Font Info:    Checking defaults for OT1/cmr/m/n on input line 32.
LaTeX Font Info:    ... okay on input line 32.
LaTeX Font Info:    Checking defaults for OMS/cmsy/m/n on input line 32.
LaTeX Font Info:    ... okay on input line 32.
LaTeX Font Info:    Checking defaults for OMX/cmex/m/n on input line 32.
LaTeX Font Info:    ... okay on input line 32.
LaTeX Font Info:    Checking defaults for U/cmr/m/n on input line 32.
LaTeX Font Info:    ... okay on input line 32.
LaTeX Font Info:    Checking defaults for PD1/pdf/m/n on input line 32.
LaTeX Font Info:    ... okay on input line 32.

(/usr/local/texlive/2018/texmf-dist/tex/context/base/mkii/supp-pdf.mkii
[Loading MPS to PDF converter (version 2006.09.02).]
\scratchcounter=\count153
\scratchdimen=\dimen152
\scratchbox=\box59
\nofMPsegments=\count154
\nofMParguments=\count155
\everyMPshowfont=\toks28
\MPscratchCnt=\count156
\MPscratchDim=\dimen153
\MPnumerator=\count157
\makeMPintoPDFobject=\count158
\everyMPtoPDFconversion=\toks29
) (/usr/local/texlive/2018/texmf-dist/tex/latex/oberdiek/epstopdf-base.sty
Package: epstopdf-base 2016/05/15 v2.6 Base part for package epstopdf

(/usr/local/texlive/2018/texmf-dist/tex/latex/oberdiek/grfext.sty
Package: grfext 2016/05/16 v1.2 Manage graphics extensions (HO)
)
Package epstopdf-base Info: Redefining graphics rule for `.eps' on input line 4
38.
Package grfext Info: Graphics extension search list:
(grfext)             [.pdf,.png,.jpg,.mps,.jpeg,.jbig2,.jb2,.PDF,.PNG,.JPG,.JPE
G,.JBIG2,.JB2,.eps]
(grfext)             \AppendGraphicsExtensions on input line 456.

(/usr/local/texlive/2018/texmf-dist/tex/latex/latexconfig/epstopdf-sys.cfg
File: epstopdf-sys.cfg 2010/07/13 v1.3 Configuration of (r)epstopdf for TeX Liv
e
))
\AtBeginShipoutBox=\box60
Package hyperref Info: Link coloring OFF on input line 32.

(/usr/local/texlive/2018/texmf-dist/tex/latex/hyperref/nameref.sty
Package: nameref 2016/05/21 v2.44 Cross-referencing by name of section

(/usr/local/texlive/2018/texmf-dist/tex/generic/oberdiek/gettitlestring.sty
Package: gettitlestring 2016/05/16 v1.5 Cleanup title references (HO)
)
\c@section@level=\count159
)
LaTeX Info: Redefining \ref on input line 32.
LaTeX Info: Redefining \pageref on input line 32.
LaTeX Info: Redefining \nameref on input line 32.

(./thesis.out) (./thesis.out)
\@outlinefile=\write3
\openout3 = `thesis.out'.

\c@lstlisting=\count160
Package caption Info: Begin \AtBeginDocument code.
Package caption Info: subfig package v1.3 is loaded.
Package caption Info: End \AtBeginDocument code.
<pomonalogo.pdf, id=56, 464.73625pt x 194.7275pt>
File: pomonalogo.pdf Graphic file (type pdf)
<use pomonalogo.pdf>
Package pdftex.def Info: pomonalogo.pdf  used on input line 34.
(pdftex.def)             Requested size: 172.5pt x 72.27682pt.
LaTeX Font Info:    Try loading font information for U+msa on input line 34.

(/usr/local/texlive/2018/texmf-dist/tex/latex/amsfonts/umsa.fd
File: umsa.fd 2013/01/14 v3.01 AMS symbols A
)
LaTeX Font Info:    Try loading font information for U+msb on input line 34.

(/usr/local/texlive/2018/texmf-dist/tex/latex/amsfonts/umsb.fd
File: umsb.fd 2013/01/14 v3.01 AMS symbols B
) [1

{/usr/local/texlive/2018/texmf-var/fonts/map/pdftex/updmap/pdftex.map} <./pomon
alogo.pdf>]pdfTeX warning (ext4): destination with the same identifier (name{pa
ge.}) has been already used, duplicate ignored
<to be read again> 
                   \relax 
l.37 ...e and parameter estimation. \end{abstract}
                                                   [1] (./thesis.toc
Overfull \hbox (0.61113pt too wide) detected at line 7
 []\OT1/cmr/m/n/10 xvii
 []


Overfull \hbox (8.66672pt too wide) detected at line 12
 []\OT1/cmr/m/n/10 xxxiii
 []


Overfull \hbox (8.38895pt too wide) detected at line 13
 []\OT1/cmr/m/n/10 xxxix
 []


Overfull \hbox (0.61113pt too wide) detected at line 14
 []\OT1/cmr/m/n/10 xlvi
 []

)
\tf@toc=\write4
\openout4 = `thesis.toc'.

 [1

]
\openout2 = `Introduction.aux'.

 (./Introduction.tex
Chapter 1.

Overfull \hbox (1.94514pt too wide) in paragraph at lines 4--5
\OT1/cmr/m/n/10 This the-sis ex-plores the the-ory and com-pu-ta-tional im-ple-
men-ta-tion of the Kalman
 []


Underfull \hbox (badness 10000) in paragraph at lines 4--5

 []


Underfull \hbox (badness 10000) in paragraph at lines 6--7

 []


Underfull \hbox (badness 10000) in paragraph at lines 8--9

 []


Underfull \hbox (badness 10000) in paragraph at lines 10--11

 []


Underfull \hbox (badness 10000) in paragraph at lines 12--13

 []

[2


]) [3]
\openout2 = `state_space.aux'.

 (./state_space.tex
Chapter 2.

Underfull \hbox (badness 10000) in paragraph at lines 9--11

 []

[4



]
<EM.png, id=117, 1204.5pt x 941.5175pt>
File: EM.png Graphic file (type png)
<use EM.png>
Package pdftex.def Info: EM.png  used on input line 26.
(pdftex.def)             Requested size: 180.6672pt x 141.22153pt.

Underfull \hbox (badness 10000) in paragraph at lines 31--32

 []

[5 <./EM.png>]
Underfull \hbox (badness 10000) in paragraph at lines 72--78

 []


Overfull \hbox (43.98521pt too wide) detected at line 122
[][] \OML/cmm/m/it/10 e[]e[]Bu[]dr \OT1/cmr/m/n/10 = [][] \OML/cmm/m/it/10 e[] 
[] [] u[]dt \OT1/cmr/m/n/10 = [][] \OML/cmm/m/it/10 e[] [] u[]dt \OT1/cmr/m/n/1
0 = [] \OML/cmm/m/it/10 u[]:
 []


Underfull \hbox (badness 10000) in paragraph at lines 141--142

 []

[6]) [7]
\openout2 = `KF.aux'.

 (./KF.tex
Chapter 3.

Underfull \hbox (badness 10000) in paragraph at lines 5--7

 []


Underfull \hbox (badness 10000) in paragraph at lines 5--7

 []

<coffee.png, id=148, 749.80125pt x 646.415pt>
File: coffee.png Graphic file (type png)
<use coffee.png>
Package pdftex.def Info: coffee.png  used on input line 10.
(pdftex.def)             Requested size: 299.91519pt x 258.56142pt.
<diagram.png, id=151, 956.57375pt x 478.78876pt>
File: diagram.png Graphic file (type png)
<use diagram.png>
Package pdftex.def Info: diagram.png  used on input line 17.
(pdftex.def)             Requested size: 286.97433pt x 143.63773pt.
[8



] [9 <./coffee.png> <./diagram.png>]
Underfull \hbox (badness 10000) in paragraph at lines 28--29

 []


Underfull \hbox (badness 10000) in paragraph at lines 28--29

 []

[10

]
Underfull \hbox (badness 10000) in paragraph at lines 44--46

 []


Underfull \hbox (badness 10000) in paragraph at lines 50--52

 []


Underfull \hbox (badness 10000) in paragraph at lines 102--103

 []

[11]
Underfull \hbox (badness 10000) in paragraph at lines 129--131

 []

[12]
Underfull \hbox (badness 10000) in paragraph at lines 135--138

 []


Underfull \hbox (badness 10000) in paragraph at lines 135--138

 []


Underfull \hbox (badness 10000) in paragraph at lines 147--149

 []


Underfull \hbox (badness 10000) in paragraph at lines 150--151

 []


Underfull \hbox (badness 10000) in paragraph at lines 152--153

 []

[13]
Underfull \hbox (badness 10000) in paragraph at lines 163--165

 []

[14]) [15]
\openout2 = `EKF.aux'.

 (./EKF.tex
Chapter 4.

Underfull \hbox (badness 10000) in paragraph at lines 4--5

 []

<EKF.png, id=217, 504.88625pt x 381.425pt>
File: EKF.png Graphic file (type png)
<use EKF.png>
Package pdftex.def Info: EKF.png  used on input line 8.
(pdftex.def)             Requested size: 176.71283pt x 133.50075pt.
[16



 <./EKF.png>]
Underfull \hbox (badness 10000) in paragraph at lines 20--22

 []


Underfull \hbox (badness 10000) in paragraph at lines 23--24

 []


Underfull \hbox (badness 10000) in paragraph at lines 40--42

 []

[17

]
Underfull \hbox (badness 10000) in paragraph at lines 51--52

 []

[18]
Underfull \hbox (badness 10000) in paragraph at lines 97--99

 []


Underfull \hbox (badness 10000) in paragraph at lines 107--110

 []


Underfull \hbox (badness 10000) in paragraph at lines 123--125

 []

[19]) [20]
\openout2 = `Meskin_EKF.aux'.

 (./Meskin_EKF.tex
Overfull \hbox (7.19513pt too wide) in paragraph at lines 5--6
\OT1/cmr/m/n/10 metabo-lites, which are molecules that are the byprod-uct of th
e body's metabolism.
 []


Underfull \hbox (badness 10000) in paragraph at lines 5--6

 []


Overfull \hbox (6.72343pt too wide) in paragraph at lines 13--15
\OML/cmm/m/it/10 g[]; g[]; h[]; h[]; h[]; h[]; h[]$\OT1/cmr/m/n/10 ) and the st
ate vec-tor is given by $\OML/cmm/m/it/10 x \OT1/cmr/m/n/10 = [\OML/cmm/m/it/10
 x[]; x[]; x[]; x[]\OT1/cmr/m/n/10 ][]$.
 []


Underfull \hbox (badness 10000) in paragraph at lines 13--15

 []

[21


]
Overfull \hbox (50.16545pt too wide) detected at line 57
[]
 []


Underfull \hbox (badness 10000) in paragraph at lines 62--63

 []

[22

]
Underfull \hbox (badness 10000) in paragraph at lines 79--80

 []

[23]
Underfull \hbox (badness 10000) in paragraph at lines 109--110

 []

<EKF_1state.png, id=274, 1445.4pt x 807.015pt>
File: EKF_1state.png Graphic file (type png)
<use EKF_1state.png>
Package pdftex.def Info: EKF_1state.png  used on input line 113.
(pdftex.def)             Requested size: 433.62335pt x 242.10637pt.

Overfull \hbox (88.62335pt too wide) in paragraph at lines 113--114
 [][] 
 []

[24 <./EKF_1state.png (PNG copy)>]
Underfull \hbox (badness 10000) in paragraph at lines 120--121

 []

<EKF_4state.png, id=281, 1445.4pt x 807.015pt>
File: EKF_4state.png Graphic file (type png)
<use EKF_4state.png>
Package pdftex.def Info: EKF_4state.png  used on input line 128.
(pdftex.def)             Requested size: 433.62335pt x 242.10637pt.

Overfull \hbox (88.62335pt too wide) in paragraph at lines 128--129
 [][] 
 []

[25

 <./EKF_4state.png (PNG copy)>]
Underfull \hbox (badness 10000) in paragraph at lines 139--140

 []


Underfull \hbox (badness 10000) in paragraph at lines 151--152

 []


Underfull \hbox (badness 10000) in paragraph at lines 154--155

 []

[26

]
<EKF_1param.png, id=297, 1445.4pt x 807.015pt>
File: EKF_1param.png Graphic file (type png)
<use EKF_1param.png>
Package pdftex.def Info: EKF_1param.png  used on input line 160.
(pdftex.def)             Requested size: 433.62335pt x 242.10637pt.

Overfull \hbox (88.62335pt too wide) in paragraph at lines 160--161
 [][] 
 []

[27 <./EKF_1param.png (PNG copy)>]
Underfull \hbox (badness 10000) in paragraph at lines 212--213

 []

<EKF_4param.png, id=303, 1190.046pt x 716.9184pt>
File: EKF_4param.png Graphic file (type png)
<use EKF_4param.png>
Package pdftex.def Info: EKF_4param.png  used on input line 216.
(pdftex.def)             Requested size: 357.01656pt x 215.07718pt.

Overfull \hbox (12.01656pt too wide) in paragraph at lines 216--217
 [][] 
 []

[28

 <./EKF_4param.png>] [29]
Underfull \hbox (badness 10000) in paragraph at lines 248--249

 []

) [30]
\openout2 = `UKF.aux'.

 (./UKF.tex
Chapter 5.
<UKF.png, id=328, 491.8375pt x 376.40625pt>
File: UKF.png Graphic file (type png)
<use UKF.png>
Package pdftex.def Info: UKF.png  used on input line 8.
(pdftex.def)             Requested size: 172.14569pt x 131.74416pt.
[31



 <./UKF.png>] [32]
<SPM.png, id=342, 868.24374pt x 244.915pt>
File: SPM.png Graphic file (type png)
<use SPM.png>
Package pdftex.def Info: SPM.png  used on input line 39.
(pdftex.def)             Requested size: 347.29134pt x 97.96425pt.

Overfull \hbox (2.29134pt too wide) in paragraph at lines 39--40
 [][] 
 []

<transform.png, id=343, 828.09375pt x 133.49875pt>
File: transform.png Graphic file (type png)
<use transform.png>
Package pdftex.def Info: transform.png  used on input line 46.
(pdftex.def)             Requested size: 372.63875pt x 60.07387pt.

Overfull \hbox (27.63875pt too wide) in paragraph at lines 46--47
 [][] 
 []

[33 <./SPM.png> <./transform.png>]
Underfull \hbox (badness 10000) in paragraph at lines 67--71

 []


Underfull \hbox (badness 10000) in paragraph at lines 67--71

 []

[34]
Underfull \hbox (badness 10000) in paragraph at lines 85--86

 []

[35]
Underfull \hbox (badness 10000) in paragraph at lines 119--121

 []


Underfull \hbox (badness 10000) in paragraph at lines 128--131

 []


Underfull \hbox (badness 10000) in paragraph at lines 141--143

 []

[36] [37]
Overfull \hbox (3.90845pt too wide) in paragraph at lines 213--214
[]|\OT1/cmr/m/n/10 Default| 
 []

) [38]
\openout2 = `VDP.aux'.

 (./VDP.tex
Underfull \hbox (badness 10000) in paragraph at lines 9--11

 []


Underfull \hbox (badness 10000) in paragraph at lines 50--51

 []

[39


]
Underfull \hbox (badness 10000) in paragraph at lines 52--53

 []


Underfull \hbox (badness 10000) in paragraph at lines 54--55

 []

<VDP.png, id=398, 562.2606pt x 421.575pt>
File: VDP.png Graphic file (type png)
<use VDP.png>
Package pdftex.def Info: VDP.png  used on input line 65.
(pdftex.def)             Requested size: 337.35896pt x 252.94695pt.
[40] [41 <./VDP.png (PNG copy)>]
<VDP_badinitial.png, id=412, 562.2606pt x 421.575pt>
File: VDP_badinitial.png Graphic file (type png)
<use VDP_badinitial.png>
Package pdftex.def Info: VDP_badinitial.png  used on input line 79.
(pdftex.def)             Requested size: 337.35896pt x 252.94695pt.
 [42

 <./VDP_badinitial.png (PNG copy)>]
<VDP_highMN.png, id=422, 562.2606pt x 421.575pt>
File: VDP_highMN.png Graphic file (type png)
<use VDP_highMN.png>
Package pdftex.def Info: VDP_highMN.png  used on input line 91.
(pdftex.def)             Requested size: 189.75105pt x 142.2722pt.
<VDP_lowMN.png, id=423, 562.2606pt x 421.575pt>
File: VDP_lowMN.png Graphic file (type png)
<use VDP_lowMN.png>
Package pdftex.def Info: VDP_lowMN.png  used on input line 93.
(pdftex.def)             Requested size: 189.75105pt x 142.2722pt.

[43

 <./VDP_highMN.png (PNG copy)> <./VDP_lowMN.png (PNG copy)>]
<VDP_highPN.png, id=435, 562.2606pt x 421.575pt>
File: VDP_highPN.png Graphic file (type png)
<use VDP_highPN.png>
Package pdftex.def Info: VDP_highPN.png  used on input line 105.
(pdftex.def)             Requested size: 172.5pt x 129.33603pt.
<VDP_lowPN.png, id=436, 562.2606pt x 421.575pt>
File: VDP_lowPN.png Graphic file (type png)
<use VDP_lowPN.png>
Package pdftex.def Info: VDP_lowPN.png  used on input line 107.
(pdftex.def)             Requested size: 172.5pt x 129.33603pt.
 [44

 <./VDP_highPN.png (PNG copy)> <./VDP_lowPN.png (PNG copy)>]
Underfull \hbox (badness 10000) in paragraph at lines 114--115

 []


Underfull \hbox (badness 10000) in paragraph at lines 116--117

 []


Underfull \hbox (badness 10000) in paragraph at lines 118--119

 []


Underfull \hbox (badness 10000) in paragraph at lines 120--121

 []


Underfull \hbox (badness 10000) in paragraph at lines 122--123

 []

) [45]
\openout2 = `Meskin_UKF.aux'.

 (./Meskin_UKF.tex
Underfull \hbox (badness 10000) in paragraph at lines 7--8

 []


Underfull \hbox (badness 10000) in paragraph at lines 9--10

 []


Overfull \hbox (5.18756pt too wide) in paragraph at lines 17--19
\OT1/cmr/m/n/10 with 17 pa-ram-e-ters ($\OML/cmm/m/it/10 []; [] ; []; ^^L[]; 
[] ; ^^L[]; g[]; g[]; g[]; g[]; h[]; h[]; h[]; h[]; h[]$\OT1/cmr/m/n/10 ).
 []


Underfull \hbox (badness 10000) in paragraph at lines 17--19

 []


Underfull \hbox (badness 10000) in paragraph at lines 20--21

 []

[46


]
<UKF_states.png, id=456, 1445.4pt x 830.1414pt>
File: UKF_states.png Graphic file (type png)
<use UKF_states.png>
Package pdftex.def Info: UKF_states.png  used on input line 38.
(pdftex.def)             Requested size: 361.34912pt x 207.53484pt.

Overfull \hbox (16.34912pt too wide) in paragraph at lines 38--39
 [][] 
 []

[47

 <./UKF_states.png (PNG copy)>]
Underfull \hbox (badness 10000) in paragraph at lines 62--63

 []


Underfull \hbox (badness 10000) in paragraph at lines 64--65

 []

[48

]
<UKF_4param.png, id=477, 1193.9004pt x 724.6272pt>
File: UKF_4param.png Graphic file (type png)
<use UKF_4param.png>
Package pdftex.def Info: UKF_4param.png  used on input line 74.
(pdftex.def)             Requested size: 358.17288pt x 217.38983pt.

Overfull \hbox (13.17288pt too wide) in paragraph at lines 74--75
 [][] 
 []


Overfull \hbox (17.35387pt too wide) in paragraph at lines 82--94
 [][] 
 []

[49 <./UKF_4param.png>] [50]
LaTeX Font Info:    Try loading font information for OMS+cmr on input line 106.


(/usr/local/texlive/2018/texmf-dist/tex/latex/base/omscmr.fd
File: omscmr.fd 2014/09/29 v2.5h Standard LaTeX font definitions
)
LaTeX Font Info:    Font shape `OMS/cmr/m/n' in size <10> not available
(Font)              Font shape `OMS/cmsy/m/n' tried instead on input line 106.
<UKF_4param_residual.png, id=488, 562.2606pt x 421.575pt>
File: UKF_4param_residual.png Graphic file (type png)
<use UKF_4param_residual.png>
Package pdftex.def Info: UKF_4param_residual.png  used on input line 115.
(pdftex.def)             Requested size: 337.35896pt x 252.94695pt.
 [51

 <./UKF_4param_residual.png (PNG copy)>]
Underfull \hbox (badness 10000) in paragraph at lines 127--128

 []


Underfull \hbox (badness 10000) in paragraph at lines 129--130

 []


Underfull \hbox (badness 10000) in paragraph at lines 131--132

 []


Underfull \hbox (badness 10000) in paragraph at lines 133--134

 []

) [52

]
\openout2 = `future.aux'.

 (./future.tex
Chapter 6.
<t1d_model.png, id=502, 906.38625pt x 438.63875pt>
File: t1d_model.png Graphic file (type png)
<use t1d_model.png>
Package pdftex.def Info: t1d_model.png  used on input line 9.
(pdftex.def)             Requested size: 362.54808pt x 175.45238pt.

Overfull \hbox (17.54808pt too wide) in paragraph at lines 9--10
 [][] 
 []

[53



 <./t1d_model.png>]) [54]
\openout2 = `conclusion.aux'.

 (./conclusion.tex
Chapter 7.

Underfull \hbox (badness 10000) in paragraph at lines 4--5

 []


Underfull \hbox (badness 10000) in paragraph at lines 6--7

 []


Underfull \hbox (badness 10000) in paragraph at lines 8--9

 []

[55



]) [56] (./thesis.bbl [57


]) [58]
\openout2 = `Appendix.aux'.

 (./Appendix.tex
(/usr/local/texlive/2018/texmf-dist/tex/latex/listings/lstlang1.sty
File: lstlang1.sty 2015/06/04 1.6 listings language file
)pdfTeX warning (ext4): destination with the same identifier (name{chapter.1}) 
has been already used, duplicate ignored
<to be read again> 
                   \relax 
l.20 \chapter{Van der Pol Example}
                                  
Appendix A.
pdfTeX warning (ext4): destination with the same identifier (name{chapter.2}) h
as been already used, duplicate ignored
<to be read again> 
                   \relax 
l.26 \chapter{EKF Metabolites Example}
                                      
Appendix B.
pdfTeX warning (ext4): destination with the same identifier (name{chapter.3}) h
as been already used, duplicate ignored
<to be read again> 
                   \relax 
l.32 \chapter{UKF Metabolites Example code}
                                           
Appendix C.
)
Package atveryend Info: Empty hook `BeforeClearDocument' on input line 70.
Package atveryend Info: Empty hook `AfterLastShipout' on input line 70.
 (./thesis.aux (./Introduction.aux) (./state_space.aux) (./KF.aux) (./EKF.aux) 
(./Meskin_EKF.aux) (./UKF.aux) (./VDP.aux) (./Meskin_UKF.aux) (./future.aux)
(./conclusion.aux) (./Appendix.aux))
Package atveryend Info: Empty hook `AtVeryEndDocument' on input line 70.
Package atveryend Info: Executing hook `AtEndAfterFileList' on input line 70.
Package rerunfilecheck Info: File `thesis.out' has not changed.
(rerunfilecheck)             Checksum: 75EB2536DDCC138A8129513EBCDC96B8;807.


LaTeX Warning: There were multiply-defined labels.

Package atveryend Info: Empty hook `AtVeryVeryEnd' on input line 70.
[59



\BOOKMARK [0][-]{chapter.1}{Van der Pol Example}{}% 14
\@writefile{toc}{\contentsline {chapter}{\numberline {A}Van der Pol Example}{li
x}{chapter.1}}
\@writefile{lof}{\addvspace {10\p@ }}
\@writefile{lot}{\addvspace {10\p@ }}
]
Overfull \vbox (21.0pt too high) has occurred while \output is active []

 [60
\newlabel{Van der Pol Code}{{A}{lx}{Van der Pol Example}{chapter.1}{}}
\BOOKMARK [0][-]{chapter.2}{EKF Metabolites Example}{}% 15
\@writefile{toc}{\contentsline {chapter}{\numberline {B}EKF Metabolites Example
}{lx}{chapter.2}}
\@writefile{lof}{\addvspace {10\p@ }}
\@writefile{lot}{\addvspace {10\p@ }}
\newlabel{EKF metabolites example code}{{B}{lx}{EKF Metabolites Example}{chapte
r.2}{}}
\BOOKMARK [0][-]{chapter.3}{UKF Metabolites Example code}{}% 16
\@writefile{toc}{\contentsline {chapter}{\numberline {C}UKF Metabolites Example
 code}{lx}{chapter.3}}
\@writefile{lof}{\addvspace {10\p@ }}
\@writefile{lot}{\addvspace {10\p@ }}
\newlabel{UKF metabolites example code}{{C}{lx}{UKF Metabolites Example code}{c
hapter.3}{}}
] ) 
Here is how much of TeX's memory you used:
 11865 strings out of 492649
 175556 string characters out of 6129622
 337990 words of memory out of 5000000
 15338 multiletter control sequences out of 15000+600000
 12157 words of font info for 46 fonts, out of 8000000 for 9000
 1141 hyphenation exceptions out of 8191
 44i,16n,51p,1726b,529s stack positions out of 5000i,500n,10000p,200000b,80000s
</usr/local/texlive/2018/texmf-dist/fonts/type1/public/amsfonts/cm/cmbx10.pf
b></usr/local/texlive/2018/texmf-dist/fonts/type1/public/amsfonts/cm/cmbx12.pfb
></usr/local/texlive/2018/texmf-dist/fonts/type1/public/amsfonts/cm/cmcsc10.pfb
></usr/local/texlive/2018/texmf-dist/fonts/type1/public/amsfonts/cm/cmex10.pfb>
</usr/local/texlive/2018/texmf-dist/fonts/type1/public/amsfonts/cm/cmmi10.pfb><
/usr/local/texlive/2018/texmf-dist/fonts/type1/public/amsfonts/cm/cmmi5.pfb></u
sr/local/texlive/2018/texmf-dist/fonts/type1/public/amsfonts/cm/cmmi7.pfb></usr
/local/texlive/2018/texmf-dist/fonts/type1/public/amsfonts/cm/cmr10.pfb></usr/l
ocal/texlive/2018/texmf-dist/fonts/type1/public/amsfonts/cm/cmr12.pfb></usr/loc
al/texlive/2018/texmf-dist/fonts/type1/public/amsfonts/cm/cmr5.pfb></usr/local/
texlive/2018/texmf-dist/fonts/type1/public/amsfonts/cm/cmr6.pfb></usr/local/tex
live/2018/texmf-dist/fonts/type1/public/amsfonts/cm/cmr7.pfb></usr/local/texliv
e/2018/texmf-dist/fonts/type1/public/amsfonts/cm/cmr8.pfb></usr/local/texlive/2
018/texmf-dist/fonts/type1/public/amsfonts/cm/cmsy10.pfb></usr/local/texlive/20
18/texmf-dist/fonts/type1/public/amsfonts/cm/cmsy5.pfb></usr/local/texlive/2018
/texmf-dist/fonts/type1/public/amsfonts/cm/cmsy7.pfb></usr/local/texlive/2018/t
exmf-dist/fonts/type1/public/amsfonts/cm/cmti10.pfb></usr/local/texlive/2018/te
xmf-dist/fonts/type1/public/amsfonts/cm/cmti12.pfb></usr/local/texlive/2018/tex
mf-dist/fonts/type1/public/amsfonts/symbols/msbm10.pfb>
Output written on thesis.pdf (62 pages, 3405816 bytes).
PDF statistics:
 650 PDF objects out of 1000 (max. 8388607)
 521 compressed objects within 6 object streams
 150 named destinations out of 1000 (max. 500000)
 215 words of extra memory for PDF output out of 10000 (max. 10000000)

